Assembler report for Altair8800
Fri Dec 17 23:43:33 2021
Quartus Prime Version 17.0.0 Build 595 04/25/2017 SJ Standard Edition


---------------------
; Table of Contents ;
---------------------
  1. Legal Notice
  2. Assembler Summary
  3. Assembler Settings
  4. Assembler Encrypted IP Cores Summary
  5. Assembler Generated Files
  6. Assembler Device Options: C:/Users/aberu/Downloads/Altair8800_Mister-master/output_files/Altair8800.sof
  7. Assembler Device Options: C:/Users/aberu/Downloads/Altair8800_Mister-master/output_files/Altair8800.rbf
  8. Assembler Messages



----------------
; Legal Notice ;
----------------
Copyright (C) 2017  Intel Corporation. All rights reserved.
Your use of Intel Corporation's design tools, logic functions 
and other software and tools, and its AMPP partner logic 
functions, and any output files from any of the foregoing 
(including device programming or simulation files), and any 
associated documentation or information are expressly subject 
to the terms and conditions of the Intel Program License 
Subscription Agreement, the Intel Quartus Prime License Agreement,
the Intel MegaCore Function License Agreement, or other 
applicable license agreement, including, without limitation, 
that your use is for the sole purpose of programming logic 
devices manufactured by Intel and sold by Intel or its 
authorized distributors.  Please refer to the applicable 
agreement for further details.



+---------------------------------------------------------------+
; Assembler Summary                                             ;
+-----------------------+---------------------------------------+
; Assembler Status      ; Successful - Fri Dec 17 23:43:33 2021 ;
; Revision Name         ; Altair8800                            ;
; Top-level Entity Name ; sys_top                               ;
; Family                ; Cyclone V                             ;
; Device                ; 5CSEBA6U23I7                          ;
+-----------------------+---------------------------------------+


+----------------------------------+
; Assembler Settings               ;
+--------+---------+---------------+
; Option ; Setting ; Default Value ;
+--------+---------+---------------+


+-------------------------------------------------------------------+
; Assembler Encrypted IP Cores Summary                              ;
+--------+-------------------------------------------+--------------+
; Vendor ; IP Core Name                              ; License Type ;
+--------+-------------------------------------------+--------------+
; Altera ; VIP Scaler II (6AF7 00E9)                 ; Licensed     ;
; Altera ; VIP Deinterlacer II (6AF7 00EE)           ; Licensed     ;
; Altera ; VIP Clocked Video Output II (6AF7 00EF)   ; Licensed     ;
; Altera ; VIP Clocked Video Input II (6AF7 00F1)    ; Licensed     ;
; Altera ; VIP Test Pattern Generator II (6AF7 00F3) ; Licensed     ;
; Altera ; VIP Frame Buffer II (6AF7 00F5)           ; Licensed     ;
; Altera ; VIP Mixer II (6AF7 00F6)                  ; Licensed     ;
; Altera ; Unknown (6AF7 FFFF)                       ; Licensed     ;
+--------+-------------------------------------------+--------------+


+-------------------------------------------------------------------------------+
; Assembler Generated Files                                                     ;
+-------------------------------------------------------------------------------+
; File Name                                                                     ;
+-------------------------------------------------------------------------------+
; C:/Users/aberu/Downloads/Altair8800_Mister-master/output_files/Altair8800.sof ;
; C:/Users/aberu/Downloads/Altair8800_Mister-master/output_files/Altair8800.rbf ;
+-------------------------------------------------------------------------------+


+---------------------------------------------------------------------------------------------------------+
; Assembler Device Options: C:/Users/aberu/Downloads/Altair8800_Mister-master/output_files/Altair8800.sof ;
+----------------+----------------------------------------------------------------------------------------+
; Option         ; Setting                                                                                ;
+----------------+----------------------------------------------------------------------------------------+
; JTAG usercode  ; 0x09425FAA                                                                             ;
; Checksum       ; 0x09425FAA                                                                             ;
+----------------+----------------------------------------------------------------------------------------+


+---------------------------------------------------------------------------------------------------------+
; Assembler Device Options: C:/Users/aberu/Downloads/Altair8800_Mister-master/output_files/Altair8800.rbf ;
+---------------------+-----------------------------------------------------------------------------------+
; Option              ; Setting                                                                           ;
+---------------------+-----------------------------------------------------------------------------------+
; Raw Binary File     ;                                                                                   ;
;  Compression Ratio  ; 1                                                                                 ;
+---------------------+-----------------------------------------------------------------------------------+


+--------------------+
; Assembler Messages ;
+--------------------+
Info: *******************************************************************
Info: Running Quartus Prime Assembler
    Info: Version 17.0.0 Build 595 04/25/2017 SJ Standard Edition
    Info: Processing started: Fri Dec 17 23:43:01 2021
Info: Command: quartus_asm --read_settings_files=off --write_settings_files=off Altair8800 -c Altair8800
Info (115030): Assembler is generating device programming files
Info: Quartus Prime Assembler was successful. 0 errors, 0 warnings
    Info: Peak virtual memory: 5236 megabytes
    Info: Processing ended: Fri Dec 17 23:43:34 2021
    Info: Elapsed time: 00:00:33
    Info: Total CPU time (on all processors): 00:00:33


