Assembler report for ColecoVision
Fri Dec 17 22:48:04 2021
Quartus Prime Version 17.0.0 Build 595 04/25/2017 SJ Standard Edition


---------------------
; Table of Contents ;
---------------------
  1. Legal Notice
  2. Assembler Summary
  3. Assembler Settings
  4. Assembler Encrypted IP Cores Summary
  5. Assembler Generated Files
  6. Assembler Device Options: C:/Users/aberu/Downloads/ColecoVision_MiSTer-master/output_files/ColecoVision.sof
  7. Assembler Device Options: C:/Users/aberu/Downloads/ColecoVision_MiSTer-master/output_files/ColecoVision.rbf
  8. Assembler Messages



----------------
; Legal Notice ;
----------------
Copyright (C) 2017  Intel Corporation. All rights reserved.
Your use of Intel Corporation's design tools, logic functions 
and other software and tools, and its AMPP partner logic 
functions, and any output files from any of the foregoing 
(including device programming or simulation files), and any 
associated documentation or information are expressly subject 
to the terms and conditions of the Intel Program License 
Subscription Agreement, the Intel Quartus Prime License Agreement,
the Intel MegaCore Function License Agreement, or other 
applicable license agreement, including, without limitation, 
that your use is for the sole purpose of programming logic 
devices manufactured by Intel and sold by Intel or its 
authorized distributors.  Please refer to the applicable 
agreement for further details.



+---------------------------------------------------------------+
; Assembler Summary                                             ;
+-----------------------+---------------------------------------+
; Assembler Status      ; Successful - Fri Dec 17 22:48:04 2021 ;
; Revision Name         ; ColecoVision                          ;
; Top-level Entity Name ; sys_top                               ;
; Family                ; Cyclone V                             ;
; Device                ; 5CSEBA6U23I7                          ;
+-----------------------+---------------------------------------+


+----------------------------------+
; Assembler Settings               ;
+--------+---------+---------------+
; Option ; Setting ; Default Value ;
+--------+---------+---------------+


+------------------------------------------------+
; Assembler Encrypted IP Cores Summary           ;
+--------+------------------------+--------------+
; Vendor ; IP Core Name           ; License Type ;
+--------+------------------------+--------------+
; Altera ; Signal Tap (6AF7 BCE1) ; Licensed     ;
; Altera ; Signal Tap (6AF7 BCEC) ; Licensed     ;
+--------+------------------------+--------------+


+-----------------------------------------------------------------------------------+
; Assembler Generated Files                                                         ;
+-----------------------------------------------------------------------------------+
; File Name                                                                         ;
+-----------------------------------------------------------------------------------+
; C:/Users/aberu/Downloads/ColecoVision_MiSTer-master/output_files/ColecoVision.sof ;
; C:/Users/aberu/Downloads/ColecoVision_MiSTer-master/output_files/ColecoVision.rbf ;
+-----------------------------------------------------------------------------------+


+-------------------------------------------------------------------------------------------------------------+
; Assembler Device Options: C:/Users/aberu/Downloads/ColecoVision_MiSTer-master/output_files/ColecoVision.sof ;
+----------------+--------------------------------------------------------------------------------------------+
; Option         ; Setting                                                                                    ;
+----------------+--------------------------------------------------------------------------------------------+
; JTAG usercode  ; 0x04732064                                                                                 ;
; Checksum       ; 0x04732064                                                                                 ;
+----------------+--------------------------------------------------------------------------------------------+


+-------------------------------------------------------------------------------------------------------------+
; Assembler Device Options: C:/Users/aberu/Downloads/ColecoVision_MiSTer-master/output_files/ColecoVision.rbf ;
+---------------------+---------------------------------------------------------------------------------------+
; Option              ; Setting                                                                               ;
+---------------------+---------------------------------------------------------------------------------------+
; Raw Binary File     ;                                                                                       ;
;  Compression Ratio  ; 2                                                                                     ;
+---------------------+---------------------------------------------------------------------------------------+


+--------------------+
; Assembler Messages ;
+--------------------+
Info: *******************************************************************
Info: Running Quartus Prime Assembler
    Info: Version 17.0.0 Build 595 04/25/2017 SJ Standard Edition
    Info: Processing started: Fri Dec 17 22:47:17 2021
Info: Command: quartus_asm --read_settings_files=off --write_settings_files=off ColecoVision -c ColecoVision
Info (115030): Assembler is generating device programming files
Info: Quartus Prime Assembler was successful. 0 errors, 0 warnings
    Info: Peak virtual memory: 5051 megabytes
    Info: Processing ended: Fri Dec 17 22:48:05 2021
    Info: Elapsed time: 00:00:48
    Info: Total CPU time (on all processors): 00:00:31


